<?xml version="1.0" encoding="UTF-8"?>
<!-- Generated by org.testng.reporters.JUnitReportReporter -->
<testsuite skipped="0" hostname="Aarav" name="com.Testng.TestngBasics" tests="2" failures="0" timestamp="29 Jul 2019 07:23:26 GMT" time="0.016" errors="0">
  <testcase name="googleHome" time="0.016" classname="com.Testng.TestngBasics"/>
  <testcase name="googleTitleTest" time="0.000" classname="com.Testng.TestngBasics"/>
</testsuite> <!-- com.Testng.TestngBasics -->
